<?xml version="1.0" encoding="UTF-8"?>
<!-- Generated by org.testng.reporters.JUnitXMLReporter -->
<testsuite hostname="DESKTOP-SRM8OJ8" name="ChromeTest" tests="5" failures="0" timestamp="14 Jul 2017 06:29:46 GMT" time="101.537" errors="0">
  <testcase name="forgotPassword" time="28.732" classname="com.testing.Cliniops.Cliniops_AutomationScriptsTest"/>
  <testcase name="loginErrorMessage1" time="4.454" classname="com.testing.Cliniops.Cliniops_AutomationScriptsTest"/>
  <testcase name="loginErrorMessage2" time="5.143" classname="com.testing.Cliniops.Cliniops_AutomationScriptsTest"/>
  <testcase name="loginErrorMessage3" time="7.937" classname="com.testing.Cliniops.Cliniops_AutomationScriptsTest"/>
  <testcase name="sucessFulLogin1" time="47.043" classname="com.testing.Cliniops.Cliniops_AutomationScriptsTest"/>
</testsuite> <!-- ChromeTest -->
