<?xml version="1.0" encoding="UTF-8"?>
<!-- Generated by org.testng.reporters.JUnitXMLReporter -->
<testsuite hostname="DESKTOP-SRM8OJ8" name="ChromeTest" tests="5" failures="5" timestamp="19 Jul 2017 19:36:51 GMT" time="12.196" errors="0">
  <testcase name="forgotPassword" time="4.003" classname="com.testing.Cliniops.Cliniops_AutomationScriptsTest">
    <failure type="java.lang.NullPointerException">
      <![CDATA[java.lang.NullPointerException
	at com.testing.Cliniops.Cliniops_ReusableMethodsTest.Update_Report(Cliniops_ReusableMethodsTest.java:319)
	at com.testing.Cliniops.Cliniops_ReusableMethodsTest.ButtonClick(Cliniops_ReusableMethodsTest.java:108)
	at com.testing.Cliniops.Cliniops_AutomationScriptsTest.forgotPassword(Cliniops_AutomationScriptsTest.java:219)
... Removed 24 stack frames]]>
    </failure>
  </testcase> <!-- forgotPassword -->
  <testcase name="loginErrorMessage1" time="1.045" classname="com.testing.Cliniops.Cliniops_AutomationScriptsTest">
    <failure type="java.lang.NullPointerException">
      <![CDATA[java.lang.NullPointerException
	at com.testing.Cliniops.Cliniops_ReusableMethodsTest.Update_Report(Cliniops_ReusableMethodsTest.java:319)
	at com.testing.Cliniops.Cliniops_ReusableMethodsTest.ButtonClick(Cliniops_ReusableMethodsTest.java:108)
	at com.testing.Cliniops.Cliniops_AutomationScriptsTest.loginErrorMessage1(Cliniops_AutomationScriptsTest.java:82)
... Removed 24 stack frames]]>
    </failure>
  </testcase> <!-- loginErrorMessage1 -->
  <testcase name="loginErrorMessage2" time="0.756" classname="com.testing.Cliniops.Cliniops_AutomationScriptsTest">
    <failure type="java.lang.NullPointerException">
      <![CDATA[java.lang.NullPointerException
	at com.testing.Cliniops.Cliniops_ReusableMethodsTest.Update_Report(Cliniops_ReusableMethodsTest.java:319)
	at com.testing.Cliniops.Cliniops_ReusableMethodsTest.ButtonClick(Cliniops_ReusableMethodsTest.java:108)
	at com.testing.Cliniops.Cliniops_AutomationScriptsTest.loginErrorMessage2(Cliniops_AutomationScriptsTest.java:161)
... Removed 24 stack frames]]>
    </failure>
  </testcase> <!-- loginErrorMessage2 -->
  <testcase name="loginErrorMessage3" time="0.709" classname="com.testing.Cliniops.Cliniops_AutomationScriptsTest">
    <failure type="java.lang.NullPointerException">
      <![CDATA[java.lang.NullPointerException
	at com.testing.Cliniops.Cliniops_ReusableMethodsTest.Update_Report(Cliniops_ReusableMethodsTest.java:319)
	at com.testing.Cliniops.Cliniops_ReusableMethodsTest.ButtonClick(Cliniops_ReusableMethodsTest.java:108)
	at com.testing.Cliniops.Cliniops_AutomationScriptsTest.loginErrorMessage3(Cliniops_AutomationScriptsTest.java:189)
... Removed 24 stack frames]]>
    </failure>
  </testcase> <!-- loginErrorMessage3 -->
  <testcase name="sucessFulLogin1" time="0.973" classname="com.testing.Cliniops.Cliniops_AutomationScriptsTest">
    <failure type="java.lang.NullPointerException">
      <![CDATA[java.lang.NullPointerException
	at com.testing.Cliniops.Cliniops_ReusableMethodsTest.Update_Report(Cliniops_ReusableMethodsTest.java:319)
	at com.testing.Cliniops.Cliniops_ReusableMethodsTest.ButtonClick(Cliniops_ReusableMethodsTest.java:108)
	at com.testing.Cliniops.Cliniops_AutomationScriptsTest.sucessFulLogin1(Cliniops_AutomationScriptsTest.java:114)
... Removed 24 stack frames]]>
    </failure>
  </testcase> <!-- sucessFulLogin1 -->
</testsuite> <!-- ChromeTest -->
