<?xml version="1.0" encoding="UTF-8"?>
<!-- Generated by org.testng.reporters.JUnitXMLReporter -->
<testsuite hostname="SriRam" name="FirefoxTest" tests="5" failures="0" timestamp="17 Jul 2017 17:49:54 GMT" time="143.232" errors="0">
  <testcase name="loginErrorMessage1" time="38.649" classname="com.testing.Cliniops.Cliniops_AutomationScriptsTest"/>
  <testcase name="sucessFulLogin1" time="16.048" classname="com.testing.Cliniops.Cliniops_AutomationScriptsTest"/>
  <testcase name="loginErrorMessage2" time="7.541" classname="com.testing.Cliniops.Cliniops_AutomationScriptsTest"/>
  <testcase name="loginErrorMessage3" time="13.875" classname="com.testing.Cliniops.Cliniops_AutomationScriptsTest"/>
  <testcase name="forgotPassword" time="24.781" classname="com.testing.Cliniops.Cliniops_AutomationScriptsTest"/>
</testsuite> <!-- FirefoxTest -->
