<?xml version="1.0" encoding="UTF-8"?>
<!-- Generated by org.testng.reporters.JUnitXMLReporter -->
<testsuite hostname="DESKTOP-SRM8OJ8" name="Test" tests="5" failures="0" timestamp="17 Jul 2017 21:02:58 GMT" time="26.156" errors="0">
  <testcase name="forgotPassword" time="5.936" classname="com.testing.Cliniops.Cliniops_AutomationScriptsTest"/>
  <testcase name="loginErrorMessage1" time="2.111" classname="com.testing.Cliniops.Cliniops_AutomationScriptsTest"/>
  <testcase name="loginErrorMessage2" time="2.276" classname="com.testing.Cliniops.Cliniops_AutomationScriptsTest"/>
  <testcase name="loginErrorMessage3" time="1.721" classname="com.testing.Cliniops.Cliniops_AutomationScriptsTest"/>
  <testcase name="sucessFulLogin1" time="4.538" classname="com.testing.Cliniops.Cliniops_AutomationScriptsTest"/>
</testsuite> <!-- Test -->
