<?xml version="1.0" encoding="UTF-8"?>
<testng-results skipped="0" failed="0" total="15" passed="15">
  <reporter-output>
  </reporter-output>
  <suite name="Suite" duration-ms="316155" started-at="2017-07-14T06:26:12Z" finished-at="2017-07-14T06:31:29Z">
    <groups>
    </groups>
    <test name="Test" duration-ms="111792" started-at="2017-07-14T06:26:12Z" finished-at="2017-07-14T06:28:04Z">
      <class name="com.testing.Cliniops.Cliniops_AutomationScriptsTest">
        <test-method status="PASS" signature="Selectbrowser(java.lang.String)[pri:0, instance:com.testing.Cliniops.Cliniops_AutomationScriptsTest@70fda8]" name="Selectbrowser" is-config="true" duration-ms="13469" started-at="2017-07-13T23:26:12Z" finished-at="2017-07-13T23:26:26Z">
          <params>
            <param index="0">
              <value>
                <![CDATA[firefox]]>
              </value>
            </param>
          </params>
          <reporter-output>
          </reporter-output>
        </test-method> <!-- Selectbrowser -->
        <test-method status="PASS" signature="forgotPassword()[pri:0, instance:com.testing.Cliniops.Cliniops_AutomationScriptsTest@70fda8]" name="forgotPassword" duration-ms="30716" started-at="2017-07-13T23:26:26Z" finished-at="2017-07-13T23:26:57Z">
          <reporter-output>
          </reporter-output>
        </test-method> <!-- forgotPassword -->
        <test-method status="PASS" signature="loginErrorMessage1()[pri:0, instance:com.testing.Cliniops.Cliniops_AutomationScriptsTest@70fda8]" name="loginErrorMessage1" duration-ms="4981" started-at="2017-07-13T23:26:57Z" finished-at="2017-07-13T23:27:02Z">
          <reporter-output>
          </reporter-output>
        </test-method> <!-- loginErrorMessage1 -->
        <test-method status="PASS" signature="loginErrorMessage2()[pri:0, instance:com.testing.Cliniops.Cliniops_AutomationScriptsTest@70fda8]" name="loginErrorMessage2" duration-ms="5586" started-at="2017-07-13T23:27:02Z" finished-at="2017-07-13T23:27:07Z">
          <reporter-output>
          </reporter-output>
        </test-method> <!-- loginErrorMessage2 -->
        <test-method status="PASS" signature="loginErrorMessage3()[pri:0, instance:com.testing.Cliniops.Cliniops_AutomationScriptsTest@70fda8]" name="loginErrorMessage3" duration-ms="8378" started-at="2017-07-13T23:27:07Z" finished-at="2017-07-13T23:27:15Z">
          <reporter-output>
          </reporter-output>
        </test-method> <!-- loginErrorMessage3 -->
        <test-method status="PASS" signature="sucessFulLogin1()[pri:0, instance:com.testing.Cliniops.Cliniops_AutomationScriptsTest@70fda8]" name="sucessFulLogin1" duration-ms="48583" started-at="2017-07-13T23:27:15Z" finished-at="2017-07-13T23:28:04Z">
          <reporter-output>
          </reporter-output>
        </test-method> <!-- sucessFulLogin1 -->
        <test-method status="PASS" signature="closeBrowser()[pri:0, instance:com.testing.Cliniops.Cliniops_AutomationScriptsTest@70fda8]" name="closeBrowser" is-config="true" duration-ms="67" started-at="2017-07-13T23:28:04Z" finished-at="2017-07-13T23:28:04Z">
          <reporter-output>
          </reporter-output>
        </test-method> <!-- closeBrowser -->
      </class> <!-- com.testing.Cliniops.Cliniops_AutomationScriptsTest -->
    </test> <!-- Test -->
    <test name="ChromeTest" duration-ms="101537" started-at="2017-07-14T06:28:04Z" finished-at="2017-07-14T06:29:46Z">
      <class name="com.testing.Cliniops.Cliniops_AutomationScriptsTest">
        <test-method status="PASS" signature="Selectbrowser(java.lang.String)[pri:0, instance:com.testing.Cliniops.Cliniops_AutomationScriptsTest@3a8624]" name="Selectbrowser" is-config="true" duration-ms="8052" started-at="2017-07-13T23:28:04Z" finished-at="2017-07-13T23:28:12Z">
          <params>
            <param index="0">
              <value>
                <![CDATA[chrome]]>
              </value>
            </param>
          </params>
          <reporter-output>
          </reporter-output>
        </test-method> <!-- Selectbrowser -->
        <test-method status="PASS" signature="forgotPassword()[pri:0, instance:com.testing.Cliniops.Cliniops_AutomationScriptsTest@3a8624]" name="forgotPassword" duration-ms="28732" started-at="2017-07-13T23:28:12Z" finished-at="2017-07-13T23:28:41Z">
          <reporter-output>
          </reporter-output>
        </test-method> <!-- forgotPassword -->
        <test-method status="PASS" signature="loginErrorMessage1()[pri:0, instance:com.testing.Cliniops.Cliniops_AutomationScriptsTest@3a8624]" name="loginErrorMessage1" duration-ms="4454" started-at="2017-07-13T23:28:41Z" finished-at="2017-07-13T23:28:45Z">
          <reporter-output>
          </reporter-output>
        </test-method> <!-- loginErrorMessage1 -->
        <test-method status="PASS" signature="loginErrorMessage2()[pri:0, instance:com.testing.Cliniops.Cliniops_AutomationScriptsTest@3a8624]" name="loginErrorMessage2" duration-ms="5143" started-at="2017-07-13T23:28:45Z" finished-at="2017-07-13T23:28:51Z">
          <reporter-output>
          </reporter-output>
        </test-method> <!-- loginErrorMessage2 -->
        <test-method status="PASS" signature="loginErrorMessage3()[pri:0, instance:com.testing.Cliniops.Cliniops_AutomationScriptsTest@3a8624]" name="loginErrorMessage3" duration-ms="7937" started-at="2017-07-13T23:28:51Z" finished-at="2017-07-13T23:28:59Z">
          <reporter-output>
          </reporter-output>
        </test-method> <!-- loginErrorMessage3 -->
        <test-method status="PASS" signature="sucessFulLogin1()[pri:0, instance:com.testing.Cliniops.Cliniops_AutomationScriptsTest@3a8624]" name="sucessFulLogin1" duration-ms="47043" started-at="2017-07-13T23:28:59Z" finished-at="2017-07-13T23:29:46Z">
          <reporter-output>
          </reporter-output>
        </test-method> <!-- sucessFulLogin1 -->
        <test-method status="PASS" signature="closeBrowser()[pri:0, instance:com.testing.Cliniops.Cliniops_AutomationScriptsTest@3a8624]" name="closeBrowser" is-config="true" duration-ms="168" started-at="2017-07-13T23:29:46Z" finished-at="2017-07-13T23:29:46Z">
          <reporter-output>
          </reporter-output>
        </test-method> <!-- closeBrowser -->
      </class> <!-- com.testing.Cliniops.Cliniops_AutomationScriptsTest -->
    </test> <!-- ChromeTest -->
    <test name="IETest" duration-ms="102686" started-at="2017-07-14T06:29:46Z" finished-at="2017-07-14T06:31:29Z">
      <class name="com.testing.Cliniops.Cliniops_AutomationScriptsTest">
        <test-method status="PASS" signature="Selectbrowser(java.lang.String)[pri:0, instance:com.testing.Cliniops.Cliniops_AutomationScriptsTest@d62f43]" name="Selectbrowser" is-config="true" duration-ms="3140" started-at="2017-07-13T23:29:46Z" finished-at="2017-07-13T23:29:49Z">
          <params>
            <param index="0">
              <value>
                <![CDATA[IE]]>
              </value>
            </param>
          </params>
          <reporter-output>
          </reporter-output>
        </test-method> <!-- Selectbrowser -->
        <test-method status="PASS" signature="forgotPassword()[pri:0, instance:com.testing.Cliniops.Cliniops_AutomationScriptsTest@d62f43]" name="forgotPassword" duration-ms="28642" started-at="2017-07-13T23:29:49Z" finished-at="2017-07-13T23:30:18Z">
          <reporter-output>
          </reporter-output>
        </test-method> <!-- forgotPassword -->
        <test-method status="PASS" signature="loginErrorMessage1()[pri:0, instance:com.testing.Cliniops.Cliniops_AutomationScriptsTest@d62f43]" name="loginErrorMessage1" duration-ms="5512" started-at="2017-07-13T23:30:18Z" finished-at="2017-07-13T23:30:23Z">
          <reporter-output>
          </reporter-output>
        </test-method> <!-- loginErrorMessage1 -->
        <test-method status="PASS" signature="loginErrorMessage2()[pri:0, instance:com.testing.Cliniops.Cliniops_AutomationScriptsTest@d62f43]" name="loginErrorMessage2" duration-ms="7094" started-at="2017-07-13T23:30:23Z" finished-at="2017-07-13T23:30:30Z">
          <reporter-output>
          </reporter-output>
        </test-method> <!-- loginErrorMessage2 -->
        <test-method status="PASS" signature="loginErrorMessage3()[pri:0, instance:com.testing.Cliniops.Cliniops_AutomationScriptsTest@d62f43]" name="loginErrorMessage3" duration-ms="9421" started-at="2017-07-13T23:30:30Z" finished-at="2017-07-13T23:30:40Z">
          <reporter-output>
          </reporter-output>
        </test-method> <!-- loginErrorMessage3 -->
        <test-method status="PASS" signature="sucessFulLogin1()[pri:0, instance:com.testing.Cliniops.Cliniops_AutomationScriptsTest@d62f43]" name="sucessFulLogin1" duration-ms="48821" started-at="2017-07-13T23:30:40Z" finished-at="2017-07-13T23:31:28Z">
          <reporter-output>
          </reporter-output>
        </test-method> <!-- sucessFulLogin1 -->
        <test-method status="PASS" signature="closeBrowser()[pri:0, instance:com.testing.Cliniops.Cliniops_AutomationScriptsTest@d62f43]" name="closeBrowser" is-config="true" duration-ms="47" started-at="2017-07-13T23:31:28Z" finished-at="2017-07-13T23:31:29Z">
          <reporter-output>
          </reporter-output>
        </test-method> <!-- closeBrowser -->
      </class> <!-- com.testing.Cliniops.Cliniops_AutomationScriptsTest -->
    </test> <!-- IETest -->
  </suite> <!-- Suite -->
</testng-results>
